<?xml version="1.0" encoding="UTF-8"?>
<testsuite name="first.moonseek.com.springboot.web.HelloControllerTest" tests="2" skipped="0" failures="0" errors="0" timestamp="2023-09-12T04:30:52" hostname="MacBook-Pro.local" time="0.374">
  <properties/>
  <testcase name="return_helloDto" classname="first.moonseek.com.springboot.web.HelloControllerTest" time="0.355"/>
  <testcase name="return_hello" classname="first.moonseek.com.springboot.web.HelloControllerTest" time="0.011"/>
  <system-out><![CDATA[13:30:48.835 [Test worker] DEBUG org.springframework.test.context.junit4.SpringJUnit4ClassRunner - SpringJUnit4ClassRunner constructor called with [class first.moonseek.com.springboot.web.HelloControllerTest]
13:30:48.850 [Test worker] DEBUG org.springframework.test.context.BootstrapUtils - Instantiating CacheAwareContextLoaderDelegate from class [org.springframework.test.context.cache.DefaultCacheAwareContextLoaderDelegate]
13:30:48.855 [Test worker] DEBUG org.springframework.test.context.BootstrapUtils - Instantiating BootstrapContext using constructor [public org.springframework.test.context.support.DefaultBootstrapContext(java.lang.Class,org.springframework.test.context.CacheAwareContextLoaderDelegate)]
13:30:48.880 [Test worker] DEBUG org.springframework.test.context.BootstrapUtils - Instantiating TestContextBootstrapper for test class [first.moonseek.com.springboot.web.HelloControllerTest] from class [org.springframework.boot.test.autoconfigure.web.servlet.WebMvcTestContextBootstrapper]
13:30:48.897 [Test worker] INFO org.springframework.boot.test.autoconfigure.web.servlet.WebMvcTestContextBootstrapper - Neither @ContextConfiguration nor @ContextHierarchy found for test class [first.moonseek.com.springboot.web.HelloControllerTest], using SpringBootContextLoader
13:30:48.900 [Test worker] DEBUG org.springframework.test.context.support.AbstractContextLoader - Did not detect default resource location for test class [first.moonseek.com.springboot.web.HelloControllerTest]: class path resource [first/moonseek/com/springboot/web/HelloControllerTest-context.xml] does not exist
13:30:48.900 [Test worker] DEBUG org.springframework.test.context.support.AbstractContextLoader - Did not detect default resource location for test class [first.moonseek.com.springboot.web.HelloControllerTest]: class path resource [first/moonseek/com/springboot/web/HelloControllerTestContext.groovy] does not exist
13:30:48.900 [Test worker] INFO org.springframework.test.context.support.AbstractContextLoader - Could not detect default resource locations for test class [first.moonseek.com.springboot.web.HelloControllerTest]: no resource found for suffixes {-context.xml, Context.groovy}.
13:30:48.900 [Test worker] INFO org.springframework.test.context.support.AnnotationConfigContextLoaderUtils - Could not detect default configuration classes for test class [first.moonseek.com.springboot.web.HelloControllerTest]: HelloControllerTest does not declare any static, non-private, non-final, nested classes annotated with @Configuration.
13:30:48.984 [Test worker] DEBUG org.springframework.test.context.support.ActiveProfilesUtils - Could not find an 'annotation declaring class' for annotation type [org.springframework.test.context.ActiveProfiles] and class [first.moonseek.com.springboot.web.HelloControllerTest]
13:30:49.093 [Test worker] DEBUG org.springframework.context.annotation.ClassPathScanningCandidateComponentProvider - Identified candidate component class: file [/Users/moonseek/IdeaProjects/moonseek-springboot-webservice/build/classes/java/main/first/moonseek/com/springboot/Application.class]
13:30:49.096 [Test worker] INFO org.springframework.boot.test.context.SpringBootTestContextBootstrapper - Found @SpringBootConfiguration first.moonseek.com.springboot.Application for test class first.moonseek.com.springboot.web.HelloControllerTest
13:30:49.098 [Test worker] DEBUG org.springframework.boot.test.autoconfigure.web.servlet.WebMvcTestContextBootstrapper - @TestExecutionListeners is not present for class [first.moonseek.com.springboot.web.HelloControllerTest]: using defaults.
13:30:49.098 [Test worker] INFO org.springframework.boot.test.autoconfigure.web.servlet.WebMvcTestContextBootstrapper - Loaded default TestExecutionListener class names from location [META-INF/spring.factories]: [org.springframework.security.test.context.support.WithSecurityContextTestExecutionListener, org.springframework.security.test.context.support.ReactorContextTestExecutionListener, org.springframework.boot.test.autoconfigure.restdocs.RestDocsTestExecutionListener, org.springframework.boot.test.autoconfigure.web.client.MockRestServiceServerResetTestExecutionListener, org.springframework.boot.test.autoconfigure.web.servlet.MockMvcPrintOnlyOnFailureTestExecutionListener, org.springframework.boot.test.autoconfigure.web.servlet.WebDriverTestExecutionListener, org.springframework.boot.test.mock.mockito.MockitoTestExecutionListener, org.springframework.boot.test.mock.mockito.ResetMocksTestExecutionListener, org.springframework.test.context.web.ServletTestExecutionListener, org.springframework.test.context.support.DirtiesContextBeforeModesTestExecutionListener, org.springframework.test.context.support.DependencyInjectionTestExecutionListener, org.springframework.test.context.support.DirtiesContextTestExecutionListener, org.springframework.test.context.transaction.TransactionalTestExecutionListener, org.springframework.test.context.jdbc.SqlScriptsTestExecutionListener]
13:30:49.120 [Test worker] INFO org.springframework.boot.test.autoconfigure.web.servlet.WebMvcTestContextBootstrapper - Using TestExecutionListeners: [org.springframework.test.context.web.ServletTestExecutionListener@44317f1a, org.springframework.test.context.support.DirtiesContextBeforeModesTestExecutionListener@a06c9f2, org.springframework.boot.test.mock.mockito.MockitoTestExecutionListener@60a5cda1, org.springframework.boot.test.autoconfigure.SpringBootDependencyInjectionTestExecutionListener@6ac708b5, org.springframework.test.context.support.DirtiesContextTestExecutionListener@25417358, org.springframework.test.context.transaction.TransactionalTestExecutionListener@19b4775b, org.springframework.test.context.jdbc.SqlScriptsTestExecutionListener@57b27909, org.springframework.security.test.context.support.WithSecurityContextTestExecutionListener@5e241ea, org.springframework.security.test.context.support.ReactorContextTestExecutionListener@2b9729bd, org.springframework.boot.test.autoconfigure.restdocs.RestDocsTestExecutionListener@11239d3b, org.springframework.boot.test.autoconfigure.web.client.MockRestServiceServerResetTestExecutionListener@551dd427, org.springframework.boot.test.autoconfigure.web.servlet.MockMvcPrintOnlyOnFailureTestExecutionListener@42e7227f, org.springframework.boot.test.autoconfigure.web.servlet.WebDriverTestExecutionListener@502f315f, org.springframework.boot.test.mock.mockito.ResetMocksTestExecutionListener@5de8b424]
13:30:49.122 [Test worker] DEBUG org.springframework.test.annotation.ProfileValueUtils - Retrieved @ProfileValueSourceConfiguration [null] for test class [first.moonseek.com.springboot.web.HelloControllerTest]
13:30:49.123 [Test worker] DEBUG org.springframework.test.annotation.ProfileValueUtils - Retrieved ProfileValueSource type [class org.springframework.test.annotation.SystemProfileValueSource] for class [first.moonseek.com.springboot.web.HelloControllerTest]
13:30:49.124 [Test worker] DEBUG org.springframework.test.annotation.ProfileValueUtils - Retrieved @ProfileValueSourceConfiguration [null] for test class [first.moonseek.com.springboot.web.HelloControllerTest]
13:30:49.124 [Test worker] DEBUG org.springframework.test.annotation.ProfileValueUtils - Retrieved ProfileValueSource type [class org.springframework.test.annotation.SystemProfileValueSource] for class [first.moonseek.com.springboot.web.HelloControllerTest]
13:30:49.128 [Test worker] DEBUG org.springframework.test.context.support.AbstractDirtiesContextTestExecutionListener - Before test class: context [DefaultTestContext@363dad85 testClass = HelloControllerTest, testInstance = [null], testMethod = [null], testException = [null], mergedContextConfiguration = [WebMergedContextConfiguration@7722e281 testClass = HelloControllerTest, locations = '{}', classes = '{class first.moonseek.com.springboot.Application}', contextInitializerClasses = '[]', activeProfiles = '{}', propertySourceLocations = '{}', propertySourceProperties = '{org.springframework.boot.test.autoconfigure.web.servlet.WebMvcTestContextBootstrapper=true}', contextCustomizers = set[org.springframework.boot.test.autoconfigure.OverrideAutoConfigurationContextCustomizerFactory$DisableAutoConfigurationContextCustomizer@bbe8df1, org.springframework.boot.test.autoconfigure.filter.TypeExcludeFiltersContextCustomizer@17719969, org.springframework.boot.test.autoconfigure.properties.PropertyMappingContextCustomizer@8efa85d9, org.springframework.boot.test.autoconfigure.web.servlet.WebDriverContextCustomizerFactory$Customizer@3aefb957, [ImportsContextCustomizer@3eeec0c5 key = [org.springframework.boot.autoconfigure.cache.CacheAutoConfiguration, org.springframework.boot.autoconfigure.context.MessageSourceAutoConfiguration, org.springframework.boot.autoconfigure.data.web.SpringDataWebAutoConfiguration, org.springframework.boot.autoconfigure.freemarker.FreeMarkerAutoConfiguration, org.springframework.boot.autoconfigure.groovy.template.GroovyTemplateAutoConfiguration, org.springframework.boot.autoconfigure.gson.GsonAutoConfiguration, org.springframework.boot.autoconfigure.hateoas.HypermediaAutoConfiguration, org.springframework.boot.autoconfigure.http.HttpMessageConvertersAutoConfiguration, org.springframework.boot.autoconfigure.jackson.JacksonAutoConfiguration, org.springframework.boot.autoconfigure.jsonb.JsonbAutoConfiguration, org.springframework.boot.autoconfigure.mustache.MustacheAutoConfiguration, org.springframework.boot.autoconfigure.task.TaskExecutionAutoConfiguration, org.springframework.boot.autoconfigure.thymeleaf.ThymeleafAutoConfiguration, org.springframework.boot.autoconfigure.validation.ValidationAutoConfiguration, org.springframework.boot.autoconfigure.web.servlet.error.ErrorMvcAutoConfiguration, org.springframework.boot.autoconfigure.web.servlet.WebMvcAutoConfiguration, org.springframework.boot.test.autoconfigure.web.servlet.MockMvcAutoConfiguration, org.springframework.boot.test.autoconfigure.web.servlet.MockMvcSecurityAutoConfiguration, org.springframework.boot.test.autoconfigure.web.servlet.MockMvcWebClientAutoConfiguration, org.springframework.boot.test.autoconfigure.web.servlet.MockMvcWebDriverAutoConfiguration]], org.springframework.boot.test.context.filter.ExcludeFilterContextCustomizer@19786907, org.springframework.boot.test.json.DuplicateJsonObjectContextCustomizerFactory$DuplicateJsonObjectContextCustomizer@113e7073, org.springframework.boot.test.mock.mockito.MockitoContextCustomizer@0], resourceBasePath = 'src/main/webapp', contextLoader = 'org.springframework.boot.test.context.SpringBootContextLoader', parent = [null]], attributes = map[[empty]]], class annotated with @DirtiesContext [false] with mode [null].
13:30:49.129 [Test worker] DEBUG org.springframework.test.annotation.ProfileValueUtils - Retrieved @ProfileValueSourceConfiguration [null] for test class [first.moonseek.com.springboot.web.HelloControllerTest]
13:30:49.130 [Test worker] DEBUG org.springframework.test.annotation.ProfileValueUtils - Retrieved ProfileValueSource type [class org.springframework.test.annotation.SystemProfileValueSource] for class [first.moonseek.com.springboot.web.HelloControllerTest]
13:30:49.135 [Test worker] DEBUG org.springframework.test.context.support.DependencyInjectionTestExecutionListener - Performing dependency injection for test context [[DefaultTestContext@363dad85 testClass = HelloControllerTest, testInstance = first.moonseek.com.springboot.web.HelloControllerTest@67275671, testMethod = [null], testException = [null], mergedContextConfiguration = [WebMergedContextConfiguration@7722e281 testClass = HelloControllerTest, locations = '{}', classes = '{class first.moonseek.com.springboot.Application}', contextInitializerClasses = '[]', activeProfiles = '{}', propertySourceLocations = '{}', propertySourceProperties = '{org.springframework.boot.test.autoconfigure.web.servlet.WebMvcTestContextBootstrapper=true}', contextCustomizers = set[org.springframework.boot.test.autoconfigure.OverrideAutoConfigurationContextCustomizerFactory$DisableAutoConfigurationContextCustomizer@bbe8df1, org.springframework.boot.test.autoconfigure.filter.TypeExcludeFiltersContextCustomizer@17719969, org.springframework.boot.test.autoconfigure.properties.PropertyMappingContextCustomizer@8efa85d9, org.springframework.boot.test.autoconfigure.web.servlet.WebDriverContextCustomizerFactory$Customizer@3aefb957, [ImportsContextCustomizer@3eeec0c5 key = [org.springframework.boot.autoconfigure.cache.CacheAutoConfiguration, org.springframework.boot.autoconfigure.context.MessageSourceAutoConfiguration, org.springframework.boot.autoconfigure.data.web.SpringDataWebAutoConfiguration, org.springframework.boot.autoconfigure.freemarker.FreeMarkerAutoConfiguration, org.springframework.boot.autoconfigure.groovy.template.GroovyTemplateAutoConfiguration, org.springframework.boot.autoconfigure.gson.GsonAutoConfiguration, org.springframework.boot.autoconfigure.hateoas.HypermediaAutoConfiguration, org.springframework.boot.autoconfigure.http.HttpMessageConvertersAutoConfiguration, org.springframework.boot.autoconfigure.jackson.JacksonAutoConfiguration, org.springframework.boot.autoconfigure.jsonb.JsonbAutoConfiguration, org.springframework.boot.autoconfigure.mustache.MustacheAutoConfiguration, org.springframework.boot.autoconfigure.task.TaskExecutionAutoConfiguration, org.springframework.boot.autoconfigure.thymeleaf.ThymeleafAutoConfiguration, org.springframework.boot.autoconfigure.validation.ValidationAutoConfiguration, org.springframework.boot.autoconfigure.web.servlet.error.ErrorMvcAutoConfiguration, org.springframework.boot.autoconfigure.web.servlet.WebMvcAutoConfiguration, org.springframework.boot.test.autoconfigure.web.servlet.MockMvcAutoConfiguration, org.springframework.boot.test.autoconfigure.web.servlet.MockMvcSecurityAutoConfiguration, org.springframework.boot.test.autoconfigure.web.servlet.MockMvcWebClientAutoConfiguration, org.springframework.boot.test.autoconfigure.web.servlet.MockMvcWebDriverAutoConfiguration]], org.springframework.boot.test.context.filter.ExcludeFilterContextCustomizer@19786907, org.springframework.boot.test.json.DuplicateJsonObjectContextCustomizerFactory$DuplicateJsonObjectContextCustomizer@113e7073, org.springframework.boot.test.mock.mockito.MockitoContextCustomizer@0], resourceBasePath = 'src/main/webapp', contextLoader = 'org.springframework.boot.test.context.SpringBootContextLoader', parent = [null]], attributes = map[[empty]]]].
13:30:49.264 [Test worker] DEBUG org.springframework.test.context.support.TestPropertySourceUtils - Adding inlined properties to environment: {spring.jmx.enabled=false, org.springframework.boot.test.autoconfigure.web.servlet.WebMvcTestContextBootstrapper=true, server.port=-1}

  .   ____          _            __ _ _
 /\\ / ___'_ __ _ _(_)_ __  __ _ \ \ \ \
( ( )\___ | '_ | '_| | '_ \/ _` | \ \ \ \
 \\/  ___)| |_)| | | | | || (_| |  ) ) ) )
  '  |____| .__|_| |_|_| |_\__, | / / / /
 =========|_|==============|___/=/_/_/_/
 :: Spring Boot ::        (v2.1.7.RELEASE)

2023-09-12 13:30:49.794  INFO 85375 --- [    Test worker] f.m.c.s.web.HelloControllerTest          : Starting HelloControllerTest on MacBook-Pro.local with PID 85375 (started by moonseek in /Users/moonseek/IdeaProjects/moonseek-springboot-webservice)
2023-09-12 13:30:49.801  INFO 85375 --- [    Test worker] f.m.c.s.web.HelloControllerTest          : No active profile set, falling back to default profiles: default
2023-09-12 13:30:51.930  INFO 85375 --- [    Test worker] o.s.s.concurrent.ThreadPoolTaskExecutor  : Initializing ExecutorService 'applicationTaskExecutor'
2023-09-12 13:30:52.087  INFO 85375 --- [    Test worker] o.s.b.a.w.s.WelcomePageHandlerMapping    : Adding welcome page template: index
2023-09-12 13:30:52.509  INFO 85375 --- [    Test worker] .s.s.UserDetailsServiceAutoConfiguration : 

Using generated security password: 9a122ed2-0f91-48c2-947e-3f4dde90c243

2023-09-12 13:30:52.664  INFO 85375 --- [    Test worker] o.s.s.web.DefaultSecurityFilterChain     : Creating filter chain: any request, [org.springframework.security.web.context.request.async.WebAsyncManagerIntegrationFilter@21e6ebcf, org.springframework.security.web.context.SecurityContextPersistenceFilter@113b6f6, org.springframework.security.web.header.HeaderWriterFilter@47d95674, org.springframework.security.web.csrf.CsrfFilter@16ab66d1, org.springframework.security.web.authentication.logout.LogoutFilter@880ef89, org.springframework.security.web.authentication.UsernamePasswordAuthenticationFilter@4e0756c, org.springframework.security.web.authentication.ui.DefaultLoginPageGeneratingFilter@6714159, org.springframework.security.web.authentication.ui.DefaultLogoutPageGeneratingFilter@66bf3c7f, org.springframework.security.web.authentication.www.BasicAuthenticationFilter@63be2b31, org.springframework.security.web.savedrequest.RequestCacheAwareFilter@4560a68e, org.springframework.security.web.servletapi.SecurityContextHolderAwareRequestFilter@630c3152, org.springframework.security.web.authentication.AnonymousAuthenticationFilter@196e2b68, org.springframework.security.web.session.SessionManagementFilter@5f722710, org.springframework.security.web.access.ExceptionTranslationFilter@61508b5c, org.springframework.security.web.access.intercept.FilterSecurityInterceptor@174d314f]
2023-09-12 13:30:52.705  INFO 85375 --- [    Test worker] o.s.b.t.m.w.SpringBootMockServletContext : Initializing Spring TestDispatcherServlet ''
2023-09-12 13:30:52.705  INFO 85375 --- [    Test worker] o.s.t.web.servlet.TestDispatcherServlet  : Initializing Servlet ''
2023-09-12 13:30:52.720  INFO 85375 --- [    Test worker] o.s.t.web.servlet.TestDispatcherServlet  : Completed initialization in 14 ms
2023-09-12 13:30:52.785  INFO 85375 --- [    Test worker] f.m.c.s.web.HelloControllerTest          : Started HelloControllerTest in 3.514 seconds (JVM running for 4.779)
]]></system-out>
  <system-err><![CDATA[]]></system-err>
</testsuite>
