<?xml version="1.0" encoding="UTF-8"?>
<testsuite name="first.moonseek.com.springboot.domain.posts.PostsRepositoryTest" tests="2" skipped="0" failures="0" errors="0" timestamp="2023-09-18T04:21:56" hostname="MacBook-Pro.local" time="0.283">
  <properties/>
  <testcase name="save_load" classname="first.moonseek.com.springboot.domain.posts.PostsRepositoryTest" time="0.272"/>
  <testcase name="BaseTimeEntity_apply" classname="first.moonseek.com.springboot.domain.posts.PostsRepositoryTest" time="0.01"/>
  <system-out><![CDATA[13:21:48.893 [Test worker] DEBUG org.springframework.test.context.junit4.SpringJUnit4ClassRunner - SpringJUnit4ClassRunner constructor called with [class first.moonseek.com.springboot.domain.posts.PostsRepositoryTest]
13:21:48.914 [Test worker] DEBUG org.springframework.test.context.BootstrapUtils - Instantiating CacheAwareContextLoaderDelegate from class [org.springframework.test.context.cache.DefaultCacheAwareContextLoaderDelegate]
13:21:48.921 [Test worker] DEBUG org.springframework.test.context.BootstrapUtils - Instantiating BootstrapContext using constructor [public org.springframework.test.context.support.DefaultBootstrapContext(java.lang.Class,org.springframework.test.context.CacheAwareContextLoaderDelegate)]
13:21:48.943 [Test worker] DEBUG org.springframework.test.context.BootstrapUtils - Instantiating TestContextBootstrapper for test class [first.moonseek.com.springboot.domain.posts.PostsRepositoryTest] from class [org.springframework.boot.test.context.SpringBootTestContextBootstrapper]
13:21:48.956 [Test worker] INFO org.springframework.boot.test.context.SpringBootTestContextBootstrapper - Neither @ContextConfiguration nor @ContextHierarchy found for test class [first.moonseek.com.springboot.domain.posts.PostsRepositoryTest], using SpringBootContextLoader
13:21:48.959 [Test worker] DEBUG org.springframework.test.context.support.AbstractContextLoader - Did not detect default resource location for test class [first.moonseek.com.springboot.domain.posts.PostsRepositoryTest]: class path resource [first/moonseek/com/springboot/domain/posts/PostsRepositoryTest-context.xml] does not exist
13:21:48.960 [Test worker] DEBUG org.springframework.test.context.support.AbstractContextLoader - Did not detect default resource location for test class [first.moonseek.com.springboot.domain.posts.PostsRepositoryTest]: class path resource [first/moonseek/com/springboot/domain/posts/PostsRepositoryTestContext.groovy] does not exist
13:21:48.960 [Test worker] INFO org.springframework.test.context.support.AbstractContextLoader - Could not detect default resource locations for test class [first.moonseek.com.springboot.domain.posts.PostsRepositoryTest]: no resource found for suffixes {-context.xml, Context.groovy}.
13:21:48.961 [Test worker] INFO org.springframework.test.context.support.AnnotationConfigContextLoaderUtils - Could not detect default configuration classes for test class [first.moonseek.com.springboot.domain.posts.PostsRepositoryTest]: PostsRepositoryTest does not declare any static, non-private, non-final, nested classes annotated with @Configuration.
13:21:49.022 [Test worker] DEBUG org.springframework.test.context.support.ActiveProfilesUtils - Could not find an 'annotation declaring class' for annotation type [org.springframework.test.context.ActiveProfiles] and class [first.moonseek.com.springboot.domain.posts.PostsRepositoryTest]
13:21:49.101 [Test worker] DEBUG org.springframework.context.annotation.ClassPathScanningCandidateComponentProvider - Identified candidate component class: file [/Users/moonseek/IdeaProjects/moonseek-springboot-webservice/build/classes/java/main/first/moonseek/com/springboot/Application.class]
13:21:49.103 [Test worker] INFO org.springframework.boot.test.context.SpringBootTestContextBootstrapper - Found @SpringBootConfiguration first.moonseek.com.springboot.Application for test class first.moonseek.com.springboot.domain.posts.PostsRepositoryTest
13:21:49.181 [Test worker] DEBUG org.springframework.boot.test.context.SpringBootTestContextBootstrapper - @TestExecutionListeners is not present for class [first.moonseek.com.springboot.domain.posts.PostsRepositoryTest]: using defaults.
13:21:49.182 [Test worker] INFO org.springframework.boot.test.context.SpringBootTestContextBootstrapper - Loaded default TestExecutionListener class names from location [META-INF/spring.factories]: [org.springframework.security.test.context.support.WithSecurityContextTestExecutionListener, org.springframework.security.test.context.support.ReactorContextTestExecutionListener, org.springframework.boot.test.autoconfigure.restdocs.RestDocsTestExecutionListener, org.springframework.boot.test.autoconfigure.web.client.MockRestServiceServerResetTestExecutionListener, org.springframework.boot.test.autoconfigure.web.servlet.MockMvcPrintOnlyOnFailureTestExecutionListener, org.springframework.boot.test.autoconfigure.web.servlet.WebDriverTestExecutionListener, org.springframework.boot.test.mock.mockito.MockitoTestExecutionListener, org.springframework.boot.test.mock.mockito.ResetMocksTestExecutionListener, org.springframework.test.context.web.ServletTestExecutionListener, org.springframework.test.context.support.DirtiesContextBeforeModesTestExecutionListener, org.springframework.test.context.support.DependencyInjectionTestExecutionListener, org.springframework.test.context.support.DirtiesContextTestExecutionListener, org.springframework.test.context.transaction.TransactionalTestExecutionListener, org.springframework.test.context.jdbc.SqlScriptsTestExecutionListener]
13:21:49.198 [Test worker] INFO org.springframework.boot.test.context.SpringBootTestContextBootstrapper - Using TestExecutionListeners: [org.springframework.test.context.web.ServletTestExecutionListener@3da84d0, org.springframework.test.context.support.DirtiesContextBeforeModesTestExecutionListener@12997f57, org.springframework.boot.test.mock.mockito.MockitoTestExecutionListener@3b67ee2, org.springframework.boot.test.autoconfigure.SpringBootDependencyInjectionTestExecutionListener@348df94b, org.springframework.test.context.support.DirtiesContextTestExecutionListener@6326170e, org.springframework.test.context.transaction.TransactionalTestExecutionListener@3a9caffa, org.springframework.test.context.jdbc.SqlScriptsTestExecutionListener@aed8725, org.springframework.security.test.context.support.WithSecurityContextTestExecutionListener@51716092, org.springframework.security.test.context.support.ReactorContextTestExecutionListener@23c83d5, org.springframework.boot.test.autoconfigure.restdocs.RestDocsTestExecutionListener@5d001f17, org.springframework.boot.test.autoconfigure.web.client.MockRestServiceServerResetTestExecutionListener@3bb27f3d, org.springframework.boot.test.autoconfigure.web.servlet.MockMvcPrintOnlyOnFailureTestExecutionListener@619ded29, org.springframework.boot.test.autoconfigure.web.servlet.WebDriverTestExecutionListener@759f8e4, org.springframework.boot.test.mock.mockito.ResetMocksTestExecutionListener@5a7ca7bf]
13:21:49.207 [Test worker] DEBUG org.springframework.test.annotation.ProfileValueUtils - Retrieved @ProfileValueSourceConfiguration [null] for test class [first.moonseek.com.springboot.domain.posts.PostsRepositoryTest]
13:21:49.208 [Test worker] DEBUG org.springframework.test.annotation.ProfileValueUtils - Retrieved ProfileValueSource type [class org.springframework.test.annotation.SystemProfileValueSource] for class [first.moonseek.com.springboot.domain.posts.PostsRepositoryTest]
13:21:49.211 [Test worker] DEBUG org.springframework.test.annotation.ProfileValueUtils - Retrieved @ProfileValueSourceConfiguration [null] for test class [first.moonseek.com.springboot.domain.posts.PostsRepositoryTest]
13:21:49.211 [Test worker] DEBUG org.springframework.test.annotation.ProfileValueUtils - Retrieved ProfileValueSource type [class org.springframework.test.annotation.SystemProfileValueSource] for class [first.moonseek.com.springboot.domain.posts.PostsRepositoryTest]
13:21:49.211 [Test worker] DEBUG org.springframework.test.annotation.ProfileValueUtils - Retrieved @ProfileValueSourceConfiguration [null] for test class [first.moonseek.com.springboot.domain.posts.PostsRepositoryTest]
13:21:49.212 [Test worker] DEBUG org.springframework.test.annotation.ProfileValueUtils - Retrieved ProfileValueSource type [class org.springframework.test.annotation.SystemProfileValueSource] for class [first.moonseek.com.springboot.domain.posts.PostsRepositoryTest]
13:21:49.214 [Test worker] DEBUG org.springframework.test.context.support.AbstractDirtiesContextTestExecutionListener - Before test class: context [DefaultTestContext@532d259a testClass = PostsRepositoryTest, testInstance = [null], testMethod = [null], testException = [null], mergedContextConfiguration = [WebMergedContextConfiguration@10faea4b testClass = PostsRepositoryTest, locations = '{}', classes = '{class first.moonseek.com.springboot.Application}', contextInitializerClasses = '[]', activeProfiles = '{}', propertySourceLocations = '{}', propertySourceProperties = '{org.springframework.boot.test.context.SpringBootTestContextBootstrapper=true}', contextCustomizers = set[org.springframework.boot.test.autoconfigure.properties.PropertyMappingContextCustomizer@0, org.springframework.boot.test.autoconfigure.web.servlet.WebDriverContextCustomizerFactory$Customizer@7771b251, org.springframework.boot.test.context.filter.ExcludeFilterContextCustomizer@2990b44c, org.springframework.boot.test.json.DuplicateJsonObjectContextCustomizerFactory$DuplicateJsonObjectContextCustomizer@2f6f3acc, org.springframework.boot.test.mock.mockito.MockitoContextCustomizer@0, org.springframework.boot.test.web.client.TestRestTemplateContextCustomizer@26f35611], resourceBasePath = 'src/main/webapp', contextLoader = 'org.springframework.boot.test.context.SpringBootContextLoader', parent = [null]], attributes = map['org.springframework.test.context.web.ServletTestExecutionListener.activateListener' -> true]], class annotated with @DirtiesContext [false] with mode [null].
13:21:49.215 [Test worker] DEBUG org.springframework.test.annotation.ProfileValueUtils - Retrieved @ProfileValueSourceConfiguration [null] for test class [first.moonseek.com.springboot.domain.posts.PostsRepositoryTest]
13:21:49.215 [Test worker] DEBUG org.springframework.test.annotation.ProfileValueUtils - Retrieved ProfileValueSource type [class org.springframework.test.annotation.SystemProfileValueSource] for class [first.moonseek.com.springboot.domain.posts.PostsRepositoryTest]
13:21:49.279 [Test worker] DEBUG org.springframework.test.context.support.TestPropertySourceUtils - Adding inlined properties to environment: {spring.jmx.enabled=false, org.springframework.boot.test.context.SpringBootTestContextBootstrapper=true, server.port=-1}

  .   ____          _            __ _ _
 /\\ / ___'_ __ _ _(_)_ __  __ _ \ \ \ \
( ( )\___ | '_ | '_| | '_ \/ _` | \ \ \ \
 \\/  ___)| |_)| | | | | || (_| |  ) ) ) )
  '  |____| .__|_| |_|_| |_\__, | / / / /
 =========|_|==============|___/=/_/_/_/
 :: Spring Boot ::        (v2.1.7.RELEASE)

2023-09-18 13:21:49.798  INFO 20461 --- [    Test worker] f.m.c.s.d.posts.PostsRepositoryTest      : Starting PostsRepositoryTest on MacBook-Pro.local with PID 20461 (started by moonseek in /Users/moonseek/IdeaProjects/moonseek-springboot-webservice)
2023-09-18 13:21:49.802  INFO 20461 --- [    Test worker] f.m.c.s.d.posts.PostsRepositoryTest      : No active profile set, falling back to default profiles: default
2023-09-18 13:21:51.255  INFO 20461 --- [    Test worker] .s.d.r.c.RepositoryConfigurationDelegate : Bootstrapping Spring Data repositories in DEFAULT mode.
2023-09-18 13:21:51.353  INFO 20461 --- [    Test worker] .s.d.r.c.RepositoryConfigurationDelegate : Finished Spring Data repository scanning in 91ms. Found 2 repository interfaces.
2023-09-18 13:21:52.130  INFO 20461 --- [    Test worker] trationDelegate$BeanPostProcessorChecker : Bean 'org.springframework.transaction.annotation.ProxyTransactionManagementConfiguration' of type [org.springframework.transaction.annotation.ProxyTransactionManagementConfiguration$$EnhancerBySpringCGLIB$$6759ea28] is not eligible for getting processed by all BeanPostProcessors (for example: not eligible for auto-proxying)
2023-09-18 13:21:52.447  INFO 20461 --- [    Test worker] com.zaxxer.hikari.HikariDataSource       : HikariPool-1 - Starting...
2023-09-18 13:21:52.607  INFO 20461 --- [    Test worker] com.zaxxer.hikari.HikariDataSource       : HikariPool-1 - Start completed.
2023-09-18 13:21:52.778  INFO 20461 --- [    Test worker] o.hibernate.jpa.internal.util.LogHelper  : HHH000204: Processing PersistenceUnitInfo [
	name: default
	...]
2023-09-18 13:21:52.828  INFO 20461 --- [    Test worker] org.hibernate.Version                    : HHH000412: Hibernate Core {5.3.10.Final}
2023-09-18 13:21:52.829  INFO 20461 --- [    Test worker] org.hibernate.cfg.Environment            : HHH000206: hibernate.properties not found
2023-09-18 13:21:52.964  INFO 20461 --- [    Test worker] o.hibernate.annotations.common.Version   : HCANN000001: Hibernate Commons Annotations {5.0.4.Final}
2023-09-18 13:21:53.090  INFO 20461 --- [    Test worker] org.hibernate.dialect.Dialect            : HHH000400: Using dialect: org.hibernate.dialect.MySQL5InnoDBDialect
Hibernate: drop table if exists posts
Hibernate: drop table if exists user
Hibernate: create table posts (id bigint not null auto_increment, created_date datetime, modified_date datetime, author varchar(255), content text not null, title varchar(500) not null, primary key (id)) engine=InnoDB
Hibernate: create table user (id bigint not null auto_increment, created_date datetime, modified_date datetime, email varchar(255) not null, name varchar(255) not null, picture varchar(255), role varchar(255), primary key (id)) engine=InnoDB
2023-09-18 13:21:53.674  INFO 20461 --- [    Test worker] o.h.t.schema.internal.SchemaCreatorImpl  : HHH000476: Executing import script 'org.hibernate.tool.schema.internal.exec.ScriptSourceInputNonExistentImpl@2f987d3f'
2023-09-18 13:21:53.677  INFO 20461 --- [    Test worker] j.LocalContainerEntityManagerFactoryBean : Initialized JPA EntityManagerFactory for persistence unit 'default'
2023-09-18 13:21:54.577  INFO 20461 --- [    Test worker] o.h.h.i.QueryTranslatorFactoryInitiator  : HHH000397: Using ASTQueryTranslatorFactory
2023-09-18 13:21:55.076  INFO 20461 --- [    Test worker] o.s.s.web.DefaultSecurityFilterChain     : Creating filter chain: any request, [org.springframework.security.web.context.request.async.WebAsyncManagerIntegrationFilter@17498638, org.springframework.security.web.context.SecurityContextPersistenceFilter@1fe0d09e, org.springframework.security.web.header.HeaderWriterFilter@5345fcbb, org.springframework.security.web.authentication.logout.LogoutFilter@4fc3460d, org.springframework.security.oauth2.client.web.OAuth2AuthorizationRequestRedirectFilter@24b57715, org.springframework.security.oauth2.client.web.OAuth2LoginAuthenticationFilter@69ce9d89, org.springframework.security.web.authentication.ui.DefaultLoginPageGeneratingFilter@153b4bef, org.springframework.security.web.authentication.ui.DefaultLogoutPageGeneratingFilter@2d0af04a, org.springframework.security.web.savedrequest.RequestCacheAwareFilter@707df2f6, org.springframework.security.web.servletapi.SecurityContextHolderAwareRequestFilter@43f586f6, org.springframework.security.web.authentication.AnonymousAuthenticationFilter@536b48bd, org.springframework.security.web.session.SessionManagementFilter@5acd5cd6, org.springframework.security.web.access.ExceptionTranslationFilter@707165ff, org.springframework.security.web.access.intercept.FilterSecurityInterceptor@2d565982]
2023-09-18 13:21:55.677  INFO 20461 --- [    Test worker] o.s.s.concurrent.ThreadPoolTaskExecutor  : Initializing ExecutorService 'applicationTaskExecutor'
2023-09-18 13:21:55.736  WARN 20461 --- [    Test worker] aWebConfiguration$JpaWebMvcConfiguration : spring.jpa.open-in-view is enabled by default. Therefore, database queries may be performed during view rendering. Explicitly configure spring.jpa.open-in-view to disable this warning
2023-09-18 13:21:55.830  INFO 20461 --- [    Test worker] o.s.b.a.w.s.WelcomePageHandlerMapping    : Adding welcome page template: index
2023-09-18 13:21:56.480  INFO 20461 --- [    Test worker] s.a.ScheduledAnnotationBeanPostProcessor : No TaskScheduler/ScheduledExecutorService bean found for scheduled processing
2023-09-18 13:21:56.490  INFO 20461 --- [    Test worker] f.m.c.s.d.posts.PostsRepositoryTest      : Started PostsRepositoryTest in 7.2 seconds (JVM running for 8.426)
Hibernate: insert into posts (created_date, modified_date, author, content, title) values (?, ?, ?, ?, ?)
Hibernate: select posts0_.id as id1_0_, posts0_.created_date as created_2_0_, posts0_.modified_date as modified3_0_, posts0_.author as author4_0_, posts0_.content as content5_0_, posts0_.title as title6_0_ from posts posts0_
Hibernate: select posts0_.id as id1_0_, posts0_.created_date as created_2_0_, posts0_.modified_date as modified3_0_, posts0_.author as author4_0_, posts0_.content as content5_0_, posts0_.title as title6_0_ from posts posts0_
Hibernate: delete from posts where id=?
Hibernate: insert into posts (created_date, modified_date, author, content, title) values (?, ?, ?, ?, ?)
Hibernate: select posts0_.id as id1_0_, posts0_.created_date as created_2_0_, posts0_.modified_date as modified3_0_, posts0_.author as author4_0_, posts0_.content as content5_0_, posts0_.title as title6_0_ from posts posts0_
>>>>>>>>>>> createDate=2023-09-18T13:21:56.791886, modifiedDate=2023-09-18T13:21:56.791886
Hibernate: select posts0_.id as id1_0_, posts0_.created_date as created_2_0_, posts0_.modified_date as modified3_0_, posts0_.author as author4_0_, posts0_.content as content5_0_, posts0_.title as title6_0_ from posts posts0_
Hibernate: delete from posts where id=?
]]></system-out>
  <system-err><![CDATA[]]></system-err>
</testsuite>
