<?xml version="1.0" encoding="UTF-8"?>
<testsuite name="first.moonseek.com.springboot.web.IndexControllerTest" tests="1" skipped="0" failures="0" errors="0" timestamp="2023-09-12T04:30:58" hostname="MacBook-Pro.local" time="0.222">
  <properties/>
  <testcase name="mainpage_loading" classname="first.moonseek.com.springboot.web.IndexControllerTest" time="0.222"/>
  <system-out><![CDATA[2023-09-12 13:30:53.223  INFO 85375 --- [    Test worker] .b.t.c.SpringBootTestContextBootstrapper : Neither @ContextConfiguration nor @ContextHierarchy found for test class [first.moonseek.com.springboot.web.IndexControllerTest], using SpringBootContextLoader
2023-09-12 13:30:53.226  INFO 85375 --- [    Test worker] o.s.t.c.support.AbstractContextLoader    : Could not detect default resource locations for test class [first.moonseek.com.springboot.web.IndexControllerTest]: no resource found for suffixes {-context.xml, Context.groovy}.
2023-09-12 13:30:53.226  INFO 85375 --- [    Test worker] t.c.s.AnnotationConfigContextLoaderUtils : Could not detect default configuration classes for test class [first.moonseek.com.springboot.web.IndexControllerTest]: IndexControllerTest does not declare any static, non-private, non-final, nested classes annotated with @Configuration.
2023-09-12 13:30:53.232  INFO 85375 --- [    Test worker] .b.t.c.SpringBootTestContextBootstrapper : Found @SpringBootConfiguration first.moonseek.com.springboot.Application for test class first.moonseek.com.springboot.web.IndexControllerTest
2023-09-12 13:30:53.237  INFO 85375 --- [    Test worker] .b.t.c.SpringBootTestContextBootstrapper : Loaded default TestExecutionListener class names from location [META-INF/spring.factories]: [org.springframework.security.test.context.support.WithSecurityContextTestExecutionListener, org.springframework.security.test.context.support.ReactorContextTestExecutionListener, org.springframework.boot.test.autoconfigure.restdocs.RestDocsTestExecutionListener, org.springframework.boot.test.autoconfigure.web.client.MockRestServiceServerResetTestExecutionListener, org.springframework.boot.test.autoconfigure.web.servlet.MockMvcPrintOnlyOnFailureTestExecutionListener, org.springframework.boot.test.autoconfigure.web.servlet.WebDriverTestExecutionListener, org.springframework.boot.test.mock.mockito.MockitoTestExecutionListener, org.springframework.boot.test.mock.mockito.ResetMocksTestExecutionListener, org.springframework.test.context.web.ServletTestExecutionListener, org.springframework.test.context.support.DirtiesContextBeforeModesTestExecutionListener, org.springframework.test.context.support.DependencyInjectionTestExecutionListener, org.springframework.test.context.support.DirtiesContextTestExecutionListener, org.springframework.test.context.transaction.TransactionalTestExecutionListener, org.springframework.test.context.jdbc.SqlScriptsTestExecutionListener]
2023-09-12 13:30:53.238  INFO 85375 --- [    Test worker] .b.t.c.SpringBootTestContextBootstrapper : Using TestExecutionListeners: [org.springframework.test.context.web.ServletTestExecutionListener@4c9a5b14, org.springframework.test.context.support.DirtiesContextBeforeModesTestExecutionListener@3402bd30, org.springframework.boot.test.mock.mockito.MockitoTestExecutionListener@31fbc612, org.springframework.boot.test.autoconfigure.SpringBootDependencyInjectionTestExecutionListener@858e1d0, org.springframework.test.context.support.DirtiesContextTestExecutionListener@16044934, org.springframework.test.context.transaction.TransactionalTestExecutionListener@37ce8df9, org.springframework.test.context.jdbc.SqlScriptsTestExecutionListener@586a0644, org.springframework.security.test.context.support.WithSecurityContextTestExecutionListener@17732af8, org.springframework.security.test.context.support.ReactorContextTestExecutionListener@238a9ccb, org.springframework.boot.test.autoconfigure.restdocs.RestDocsTestExecutionListener@60e87c06, org.springframework.boot.test.autoconfigure.web.client.MockRestServiceServerResetTestExecutionListener@68381e79, org.springframework.boot.test.autoconfigure.web.servlet.MockMvcPrintOnlyOnFailureTestExecutionListener@6612dd6c, org.springframework.boot.test.autoconfigure.web.servlet.WebDriverTestExecutionListener@110979a1, org.springframework.boot.test.mock.mockito.ResetMocksTestExecutionListener@32a23fca]

  .   ____          _            __ _ _
 /\\ / ___'_ __ _ _(_)_ __  __ _ \ \ \ \
( ( )\___ | '_ | '_| | '_ \/ _` | \ \ \ \
 \\/  ___)| |_)| | | | | || (_| |  ) ) ) )
  '  |____| .__|_| |_|_| |_\__, | / / / /
 =========|_|==============|___/=/_/_/_/
 :: Spring Boot ::        (v2.1.7.RELEASE)

2023-09-12 13:30:53.277  INFO 85375 --- [    Test worker] f.m.c.s.web.IndexControllerTest          : Starting IndexControllerTest on MacBook-Pro.local with PID 85375 (started by moonseek in /Users/moonseek/IdeaProjects/moonseek-springboot-webservice)
2023-09-12 13:30:53.277  INFO 85375 --- [    Test worker] f.m.c.s.web.IndexControllerTest          : No active profile set, falling back to default profiles: default
2023-09-12 13:30:53.934  INFO 85375 --- [    Test worker] .s.d.r.c.RepositoryConfigurationDelegate : Bootstrapping Spring Data repositories in DEFAULT mode.
2023-09-12 13:30:54.028  INFO 85375 --- [    Test worker] .s.d.r.c.RepositoryConfigurationDelegate : Finished Spring Data repository scanning in 89ms. Found 2 repository interfaces.
2023-09-12 13:30:54.518  INFO 85375 --- [    Test worker] trationDelegate$BeanPostProcessorChecker : Bean 'org.springframework.transaction.annotation.ProxyTransactionManagementConfiguration' of type [org.springframework.transaction.annotation.ProxyTransactionManagementConfiguration$$EnhancerBySpringCGLIB$$f5403447] is not eligible for getting processed by all BeanPostProcessors (for example: not eligible for auto-proxying)
2023-09-12 13:30:54.895  INFO 85375 --- [    Test worker] o.s.b.w.embedded.tomcat.TomcatWebServer  : Tomcat initialized with port(s): 0 (http)
2023-09-12 13:30:54.935  INFO 85375 --- [    Test worker] o.apache.catalina.core.StandardService   : Starting service [Tomcat]
2023-09-12 13:30:54.936  INFO 85375 --- [    Test worker] org.apache.catalina.core.StandardEngine  : Starting Servlet engine: [Apache Tomcat/9.0.22]
2023-09-12 13:30:55.073  INFO 85375 --- [    Test worker] o.a.c.c.C.[Tomcat].[localhost].[/]       : Initializing Spring embedded WebApplicationContext
2023-09-12 13:30:55.073  INFO 85375 --- [    Test worker] o.s.web.context.ContextLoader            : Root WebApplicationContext: initialization completed in 1793 ms
2023-09-12 13:30:55.342  INFO 85375 --- [    Test worker] com.zaxxer.hikari.HikariDataSource       : HikariPool-1 - Starting...
2023-09-12 13:30:55.537  INFO 85375 --- [    Test worker] com.zaxxer.hikari.HikariDataSource       : HikariPool-1 - Start completed.
2023-09-12 13:30:55.722  INFO 85375 --- [    Test worker] o.hibernate.jpa.internal.util.LogHelper  : HHH000204: Processing PersistenceUnitInfo [
	name: default
	...]
2023-09-12 13:30:55.769  INFO 85375 --- [    Test worker] org.hibernate.Version                    : HHH000412: Hibernate Core {5.3.10.Final}
2023-09-12 13:30:55.771  INFO 85375 --- [    Test worker] org.hibernate.cfg.Environment            : HHH000206: hibernate.properties not found
2023-09-12 13:30:55.823  INFO 85375 --- [    Test worker] o.hibernate.annotations.common.Version   : HCANN000001: Hibernate Commons Annotations {5.0.4.Final}
2023-09-12 13:30:55.937  INFO 85375 --- [    Test worker] org.hibernate.dialect.Dialect            : HHH000400: Using dialect: org.hibernate.dialect.MySQL5InnoDBDialect
Hibernate: drop table if exists posts
Hibernate: drop table if exists user
Hibernate: create table posts (id bigint not null auto_increment, created_date datetime, modified_date datetime, author varchar(255), content text not null, title varchar(500) not null, primary key (id)) engine=InnoDB
Hibernate: create table user (id bigint not null auto_increment, created_date datetime, modified_date datetime, email varchar(255) not null, name varchar(255) not null, picture varchar(255), role varchar(255), primary key (id)) engine=InnoDB
2023-09-12 13:30:56.429  INFO 85375 --- [    Test worker] o.h.t.schema.internal.SchemaCreatorImpl  : HHH000476: Executing import script 'org.hibernate.tool.schema.internal.exec.ScriptSourceInputNonExistentImpl@1628319f'
2023-09-12 13:30:56.431  INFO 85375 --- [    Test worker] j.LocalContainerEntityManagerFactoryBean : Initialized JPA EntityManagerFactory for persistence unit 'default'
2023-09-12 13:30:57.208  INFO 85375 --- [    Test worker] o.h.h.i.QueryTranslatorFactoryInitiator  : HHH000397: Using ASTQueryTranslatorFactory
2023-09-12 13:30:57.650  INFO 85375 --- [    Test worker] o.s.s.web.DefaultSecurityFilterChain     : Creating filter chain: any request, [org.springframework.security.web.context.request.async.WebAsyncManagerIntegrationFilter@5a87ce04, org.springframework.security.web.context.SecurityContextPersistenceFilter@5420bb66, org.springframework.security.web.header.HeaderWriterFilter@74d3e0b4, org.springframework.security.web.authentication.logout.LogoutFilter@1a8c0c7e, org.springframework.security.oauth2.client.web.OAuth2AuthorizationRequestRedirectFilter@60f9a9ba, org.springframework.security.oauth2.client.web.OAuth2LoginAuthenticationFilter@3355d2e2, org.springframework.security.web.authentication.ui.DefaultLoginPageGeneratingFilter@4b2665f7, org.springframework.security.web.authentication.ui.DefaultLogoutPageGeneratingFilter@50ba69cf, org.springframework.security.web.savedrequest.RequestCacheAwareFilter@2719f6c5, org.springframework.security.web.servletapi.SecurityContextHolderAwareRequestFilter@4ca474d2, org.springframework.security.web.authentication.AnonymousAuthenticationFilter@201440ad, org.springframework.security.web.session.SessionManagementFilter@64ec6d3c, org.springframework.security.web.access.ExceptionTranslationFilter@4d27ddaa, org.springframework.security.web.access.intercept.FilterSecurityInterceptor@222f14d9]
2023-09-12 13:30:57.842  INFO 85375 --- [    Test worker] o.s.s.concurrent.ThreadPoolTaskExecutor  : Initializing ExecutorService 'applicationTaskExecutor'
2023-09-12 13:30:57.863  WARN 85375 --- [    Test worker] aWebConfiguration$JpaWebMvcConfiguration : spring.jpa.open-in-view is enabled by default. Therefore, database queries may be performed during view rendering. Explicitly configure spring.jpa.open-in-view to disable this warning
2023-09-12 13:30:57.912  INFO 85375 --- [    Test worker] o.s.b.a.w.s.WelcomePageHandlerMapping    : Adding welcome page template: index
2023-09-12 13:30:58.215  INFO 85375 --- [    Test worker] s.a.ScheduledAnnotationBeanPostProcessor : No TaskScheduler/ScheduledExecutorService bean found for scheduled processing
2023-09-12 13:30:58.237  INFO 85375 --- [    Test worker] o.s.b.w.embedded.tomcat.TomcatWebServer  : Tomcat started on port(s): 55866 (http) with context path ''
2023-09-12 13:30:58.238  INFO 85375 --- [    Test worker] f.m.c.s.web.IndexControllerTest          : Started IndexControllerTest in 4.997 seconds (JVM running for 10.234)
2023-09-12 13:30:58.329  INFO 85375 --- [o-auto-1-exec-1] o.a.c.c.C.[Tomcat].[localhost].[/]       : Initializing Spring DispatcherServlet 'dispatcherServlet'
2023-09-12 13:30:58.330  INFO 85375 --- [o-auto-1-exec-1] o.s.web.servlet.DispatcherServlet        : Initializing Servlet 'dispatcherServlet'
2023-09-12 13:30:58.353  INFO 85375 --- [o-auto-1-exec-1] o.s.web.servlet.DispatcherServlet        : Completed initialization in 23 ms
Hibernate: select posts0_.id as id1_0_, posts0_.created_date as created_2_0_, posts0_.modified_date as modified3_0_, posts0_.author as author4_0_, posts0_.content as content5_0_, posts0_.title as title6_0_ from posts posts0_ order by posts0_.id DESC
]]></system-out>
  <system-err><![CDATA[]]></system-err>
</testsuite>
