<?xml version="1.0" encoding="UTF-8"?>
<testsuite name="first.moonseek.com.springboot.web.dto.HelloResponseDtoTest" tests="1" skipped="0" failures="0" errors="0" timestamp="2023-09-11T06:56:13" hostname="MacBook-Pro.local" time="0.0">
  <properties/>
  <testcase name="Lombok_Function_Test" classname="first.moonseek.com.springboot.web.dto.HelloResponseDtoTest" time="0.0"/>
  <system-out><![CDATA[]]></system-out>
  <system-err><![CDATA[]]></system-err>
</testsuite>
